2021-12-25 19:44 INFO " ADG023301 " Reply: 課程人數額滿。
2021-12-25 19:44 INFO " ECG003301 " Reply: 課程人數額滿。
2021-12-25 19:44 INFO " ETG301301 " Reply: 課程人數額滿。
2021-12-25 19:44 INFO " TCG047301 " Reply: 課程人數額滿。
2021-12-25 19:44 INFO " TCG078301 " Reply: 課程人數額滿。
2021-12-25 19:44 INFO " TCG100301 " Reply: 課程人數額滿。
2021-12-25 19:44 INFO " ADG023301 " Reply: 課程人數額滿。
2021-12-25 19:44 INFO " ECG003301 " Reply: 課程人數額滿。
2021-12-25 19:44 INFO " ETG301301 " Reply: 課程人數額滿。
2021-12-25 19:44 INFO " TCG047301 " Reply: 課程人數額滿。
2021-12-25 19:44 INFO " TCG078301 " Reply: 課程人數額滿。
2021-12-25 19:44 INFO " TCG100301 " Reply: 課程人數額滿。
2021-12-25 19:44 INFO " ADG023301 " Reply: 錯誤
2021-12-25 19:44 INFO " ECG003301 " Reply: 課程人數額滿。
2021-12-25 19:44 INFO " ETG301301 " Reply: 課程人數額滿。
2021-12-25 19:44 INFO " TCG047301 " Reply: 課程人數額滿。
2021-12-25 19:44 INFO " TCG078301 " Reply: 課程人數額滿。
2021-12-25 19:44 INFO " TCG100301 " Reply: 課程人數額滿。
2021-12-25 19:44 INFO " ADG023301 " Reply: 課程人數額滿。
2021-12-25 19:44 INFO " ECG003301 " Reply: 課程人數額滿。
2021-12-25 19:44 INFO " ETG301301 " Reply: 課程人數額滿。
2021-12-25 19:44 INFO " TCG047301 " Reply: 課程人數額滿。
2021-12-25 19:44 INFO " TCG078301 " Reply: 課程人數額滿。
2021-12-25 19:44 INFO " TCG100301 " Reply: 課程人數額滿。
2021-12-25 19:44 INFO " ADG023301 " Reply: 課程人數額滿。
2021-12-25 19:45 INFO " ECG003301 " Reply: 課程人數額滿。
2021-12-25 19:45 INFO " ETG301301 " Reply: 課程人數額滿。
2021-12-25 19:45 INFO " TCG047301 " Reply: 課程人數額滿。
2021-12-25 19:45 INFO " TCG078301 " Reply: 課程人數額滿。
2021-12-25 19:45 INFO " TCG100301 " Reply: 課程人數額滿。
2021-12-25 19:45 INFO " ADG023301 " Reply: 課程人數額滿。
2021-12-25 19:45 INFO " ECG003301 " Reply: 課程人數額滿。
2021-12-25 19:45 INFO " ETG301301 " Reply: 課程人數額滿。
2021-12-25 19:45 INFO " TCG047301 " Reply: 課程人數額滿。
2021-12-25 19:45 INFO " TCG078301 " Reply: 課程人數額滿。
2021-12-25 19:45 INFO " TCG100301 " Reply: 課程人數額滿。
2021-12-25 19:45 INFO " ADG023301 " Reply: 錯誤
2021-12-25 19:46 INFO " ECG003301 " Reply: 課程人數額滿。
2021-12-25 19:46 INFO " ETG301301 " Reply: 課程人數額滿。
2021-12-25 19:46 INFO " TCG047301 " Reply: 課程人數額滿。
2021-12-25 19:46 INFO " TCG078301 " Reply: 課程人數額滿。
2021-12-25 19:46 INFO " TCG100301 " Reply: 課程人數額滿。
2021-12-25 19:46 INFO " ADG023301 " Reply: 課程人數額滿。
2021-12-25 19:46 INFO " ECG003301 " Reply: 課程人數額滿。
2021-12-25 19:46 INFO " ETG301301 " Reply: 課程人數額滿。
2021-12-25 19:46 INFO " TCG047301 " Reply: 課程人數額滿。
2021-12-25 19:46 INFO " TCG078301 " Reply: 課程人數額滿。
2021-12-25 19:46 INFO " TCG100301 " Reply: 課程人數額滿。
2021-12-25 19:46 INFO " ADG023301 " Reply: 課程人數額滿。
2021-12-25 19:46 INFO " ECG003301 " Reply: 課程人數額滿。
2021-12-25 19:46 INFO " ETG301301 " Reply: 課程人數額滿。
2021-12-25 19:46 INFO " TCG047301 " Reply: 課程人數額滿。
2021-12-25 19:46 INFO " TCG078301 " Reply: 課程人數額滿。
2021-12-25 19:46 INFO " TCG100301 " Reply: 課程人數額滿。
2021-12-25 19:46 INFO " ADG023301 " Reply: 課程人數額滿。
2021-12-25 19:46 INFO " ECG003301 " Reply: 課程人數額滿。
2021-12-25 19:47 INFO " ETG301301 " Reply: 課程人數額滿。
2021-12-25 19:47 INFO " TCG047301 " Reply: 課程人數額滿。
2021-12-25 19:47 INFO " TCG078301 " Reply: 課程人數額滿。
2021-12-25 19:47 INFO " TCG100301 " Reply: 課程人數額滿。
2021-12-25 19:47 INFO " ADG023301 " Reply: 課程人數額滿。
2021-12-25 19:47 INFO " ECG003301 " Reply: 課程人數額滿。
2021-12-25 19:47 INFO " ETG301301 " Reply: 課程人數額滿。
2021-12-25 19:47 INFO " TCG047301 " Reply: 課程人數額滿。
2021-12-25 19:47 INFO " TCG078301 " Reply: 課程人數額滿。
2021-12-25 19:47 INFO " TCG100301 " Reply: 課程人數額滿。
2021-12-25 19:47 INFO " ADG023301 " Reply: 課程人數額滿。
2021-12-25 19:47 INFO " ECG003301 " Reply: 課程人數額滿。
2021-12-25 19:47 INFO " ETG301301 " Reply: 課程人數額滿。
2021-12-25 19:47 INFO " TCG047301 " Reply: 課程人數額滿。
2021-12-25 19:47 INFO " TCG078301 " Reply: 課程人數額滿。
2021-12-25 19:47 INFO " TCG100301 " Reply: 課程人數額滿。
2021-12-25 19:47 INFO " ADG023301 " Reply: 課程人數額滿。
2021-12-25 19:47 INFO " ECG003301 " Reply: 課程人數額滿。
2021-12-25 19:47 INFO " ETG301301 " Reply: 課程人數額滿。
2021-12-25 19:48 INFO " TCG047301 " Reply: 課程人數額滿。
2021-12-25 19:48 INFO " TCG078301 " Reply: 課程人數額滿。
2021-12-25 19:48 INFO " TCG100301 " Reply: 課程人數額滿。
2021-12-25 19:48 INFO " ADG023301 " Reply: 課程人數額滿。
2021-12-25 19:48 INFO " ECG003301 " Reply: 課程人數額滿。
2021-12-25 19:48 INFO " ETG301301 " Reply: 課程人數額滿。
2021-12-25 19:48 INFO " TCG047301 " Reply: 課程人數額滿。
2021-12-25 19:48 INFO " TCG078301 " Reply: 課程人數額滿。
2021-12-25 19:48 INFO " TCG100301 " Reply: 課程人數額滿。
2021-12-25 19:48 INFO " ADG023301 " Reply: 課程人數額滿。
2021-12-25 19:48 INFO " ECG003301 " Reply: 課程人數額滿。
2021-12-25 19:48 INFO " ETG301301 " Reply: 課程人數額滿。
2021-12-25 19:48 INFO " TCG047301 " Reply: 課程人數額滿。
2021-12-25 19:48 INFO " TCG078301 " Reply: 課程人數額滿。
2021-12-25 19:48 INFO " TCG100301 " Reply: 課程人數額滿。
2021-12-25 19:48 INFO " ADG023301 " Reply: 課程人數額滿。
2021-12-25 19:48 INFO " ECG003301 " Reply: 課程人數額滿。
2021-12-25 19:48 INFO " ETG301301 " Reply: 課程人數額滿。
2021-12-25 19:48 INFO " TCG047301 " Reply: 課程人數額滿。
2021-12-25 19:48 INFO " TCG078301 " Reply: 課程人數額滿。
2021-12-25 19:48 INFO " TCG100301 " Reply: 課程人數額滿。
2021-12-25 19:48 INFO " ADG023301 " Reply: 課程人數額滿。
2021-12-25 19:49 INFO " ECG003301 " Reply: 課程人數額滿。
2021-12-25 19:49 INFO " ETG301301 " Reply: 課程人數額滿。
2021-12-25 19:49 INFO " TCG047301 " Reply: 課程人數額滿。
2021-12-25 19:49 INFO " TCG078301 " Reply: 課程人數額滿。
2021-12-25 19:49 INFO " TCG100301 " Reply: 課程人數額滿。
2021-12-25 19:49 INFO " ADG023301 " Reply: 課程人數額滿。
2021-12-25 19:49 INFO " ECG003301 " Reply: 課程人數額滿。
2021-12-25 19:49 INFO " ETG301301 " Reply: 課程人數額滿。
2021-12-25 19:49 INFO " TCG047301 " Reply: 課程人數額滿。
2021-12-25 19:49 INFO " TCG078301 " Reply: 課程人數額滿。
2021-12-25 19:49 INFO " TCG100301 " Reply: 課程人數額滿。
2021-12-25 19:49 INFO " ADG023301 " Reply: 課程人數額滿。
2021-12-25 19:49 INFO " ECG003301 " Reply: 課程人數額滿。
2021-12-25 19:49 INFO " ETG301301 " Reply: 課程人數額滿。
2021-12-25 19:49 INFO " TCG047301 " Reply: 課程人數額滿。
2021-12-25 19:49 INFO " TCG078301 " Reply: 課程人數額滿。
2021-12-25 19:49 INFO " TCG100301 " Reply: 課程人數額滿。
2021-12-25 19:49 INFO " ADG023301 " Reply: 課程人數額滿。
2021-12-25 19:49 INFO " ECG003301 " Reply: 課程人數額滿。
2021-12-25 19:49 INFO " ETG301301 " Reply: 課程人數額滿。
2021-12-25 19:49 INFO " TCG047301 " Reply: 課程人數額滿。
2021-12-25 19:49 INFO " TCG078301 " Reply: 課程人數額滿。
2021-12-25 19:49 INFO " TCG100301 " Reply: 課程人數額滿。
2021-12-25 19:50 INFO " ADG023301 " Reply: 課程人數額滿。
2021-12-25 19:50 INFO " ECG003301 " Reply: 課程人數額滿。
2021-12-25 19:50 INFO " ETG301301 " Reply: 課程人數額滿。
2021-12-25 19:50 INFO " TCG047301 " Reply: 課程人數額滿。
2021-12-25 19:50 INFO " TCG078301 " Reply: 課程人數額滿。
2021-12-25 19:50 INFO " TCG100301 " Reply: 課程人數額滿。
2021-12-25 19:50 INFO " ADG023301 " Reply: 課程人數額滿。
2021-12-25 19:50 INFO " ECG003301 " Reply: 課程人數額滿。
2021-12-25 19:50 INFO " ETG301301 " Reply: 課程人數額滿。
2021-12-25 19:50 INFO " TCG047301 " Reply: 課程人數額滿。
2021-12-25 19:50 INFO " TCG078301 " Reply: 課程人數額滿。
2021-12-25 19:50 INFO " TCG100301 " Reply: 課程人數額滿。
2021-12-25 19:50 INFO " ADG023301 " Reply: 課程人數額滿。
2021-12-25 19:50 INFO " ECG003301 " Reply: 課程人數額滿。
2021-12-25 19:50 INFO " ETG301301 " Reply: 課程人數額滿。
2021-12-25 19:50 INFO " TCG047301 " Reply: 課程人數額滿。
2021-12-25 19:50 INFO " TCG078301 " Reply: 課程人數額滿。
2021-12-25 19:50 INFO " TCG100301 " Reply: 課程人數額滿。
2021-12-25 19:50 INFO " ADG023301 " Reply: 課程人數額滿。
2021-12-25 19:50 INFO " ECG003301 " Reply: 課程人數額滿。
2021-12-25 19:50 INFO " ETG301301 " Reply: 課程人數額滿。
2021-12-25 19:50 INFO " TCG047301 " Reply: 課程人數額滿。
2021-12-25 19:50 INFO " TCG078301 " Reply: 課程人數額滿。
2021-12-25 19:51 INFO " TCG100301 " Reply: 課程人數額滿。
2021-12-25 19:51 INFO " ADG023301 " Reply: 課程人數額滿。
